2021-05-07 03:40:17,342 INFO (StartupInfoLogger.java:55)- Starting MasApplication using Java 11.0.7 on GWRZ-4PVPSN with PID 16048 (C:\Users\SiletFlower\IdeaProjects\xingYing-master\target\classes started by SiletFlower in C:\Users\SiletFlower\IdeaProjects\xingYing-master)
2021-05-07 03:40:17,345 DEBUG (StartupInfoLogger.java:56)- Running with Spring Boot v2.4.4, Spring v5.3.5
2021-05-07 03:40:17,346 INFO (SpringApplication.java:662)- No active profile set, falling back to default profiles: default
2021-05-07 03:40:24,217 DEBUG (GenericFilterBean.java:242)- Filter 'jwtAuthenticationTokenFilter' configured for use
2021-05-07 03:40:27,434 INFO (StartupInfoLogger.java:61)- Started MasApplication in 10.741 seconds (JVM running for 13.438)
2021-05-07 03:40:40,590 DEBUG (BaseJdbcLogger.java:137)- ==>  Preparing: SELECT IDENTIFIER,USER_ID,IDENTITY_TYPE,CREDENTIAL FROM XINGYING_SHOP.USER_AUTHS WHERE (IDENTIFIER = ? AND IDENTITY_TYPE = ?)
2021-05-07 03:40:40,822 DEBUG (BaseJdbcLogger.java:137)- ==> Parameters: huajiwuyan@gmail.com(String), google(String)
2021-05-07 03:40:40,887 DEBUG (BaseJdbcLogger.java:137)- <==      Total: 1
2021-05-07 03:40:40,891 DEBUG (BaseJdbcLogger.java:137)- ==>  Preparing: SELECT b.* FROM XINGYING_SHOP.USER_TO_ROLE a left join XINGYING_SHOP.ROLE b on b.ROLE_ID = a.ROLE_ID WHERE a.USER_ID = ? AND b.DATA_STATUS = 1
2021-05-07 03:40:40,897 DEBUG (BaseJdbcLogger.java:137)- ==> Parameters: 271218098185572352(Long)
2021-05-07 03:40:40,946 DEBUG (BaseJdbcLogger.java:137)- <==      Total: 1
2021-05-07 03:40:40,949 DEBUG (BaseJdbcLogger.java:137)- ==>  Preparing: SELECT b.* FROM XINGYING_SHOP.PERMISSIONS_TO_ROLE a left join XINGYING_SHOP.PERMISSIONS b on b.PERMISSIONS_ID = a.PERMISSIONS_ID WHERE b.DATA_STATUS = 1 AND a.PERMISSIONS_ID IN ( ? )
2021-05-07 03:40:40,950 DEBUG (BaseJdbcLogger.java:137)- ==> Parameters: 0(Long)
2021-05-07 03:40:40,958 DEBUG (BaseJdbcLogger.java:137)- <==      Total: 1
2021-05-07 03:41:37,383 DEBUG (BaseJdbcLogger.java:137)- ==>  Preparing: SELECT IDENTIFIER,USER_ID,IDENTITY_TYPE,CREDENTIAL FROM XINGYING_SHOP.USER_AUTHS WHERE (IDENTIFIER = ? AND IDENTITY_TYPE = ?)
2021-05-07 03:41:37,384 DEBUG (BaseJdbcLogger.java:137)- ==> Parameters: huajiwuyan@gmail.com(String), google(String)
2021-05-07 03:41:37,386 DEBUG (BaseJdbcLogger.java:137)- <==      Total: 1
2021-05-07 03:41:37,387 DEBUG (BaseJdbcLogger.java:137)- ==>  Preparing: SELECT b.* FROM XINGYING_SHOP.USER_TO_ROLE a left join XINGYING_SHOP.ROLE b on b.ROLE_ID = a.ROLE_ID WHERE a.USER_ID = ? AND b.DATA_STATUS = 1
2021-05-07 03:41:37,387 DEBUG (BaseJdbcLogger.java:137)- ==> Parameters: 271218098185572352(Long)
2021-05-07 03:41:37,388 DEBUG (BaseJdbcLogger.java:137)- <==      Total: 1
2021-05-07 03:41:37,389 DEBUG (BaseJdbcLogger.java:137)- ==>  Preparing: SELECT b.* FROM XINGYING_SHOP.PERMISSIONS_TO_ROLE a left join XINGYING_SHOP.PERMISSIONS b on b.PERMISSIONS_ID = a.PERMISSIONS_ID WHERE b.DATA_STATUS = 1 AND a.PERMISSIONS_ID IN ( ? )
2021-05-07 03:41:37,390 DEBUG (BaseJdbcLogger.java:137)- ==> Parameters: 0(Long)
2021-05-07 03:41:37,392 DEBUG (BaseJdbcLogger.java:137)- <==      Total: 1
2021-05-07 03:53:19,319 DEBUG (BaseJdbcLogger.java:137)- ==>  Preparing: SELECT IDENTIFIER,USER_ID,IDENTITY_TYPE,CREDENTIAL FROM XINGYING_SHOP.USER_AUTHS WHERE (IDENTIFIER = ? AND IDENTITY_TYPE = ?)
2021-05-07 03:53:19,320 DEBUG (BaseJdbcLogger.java:137)- ==> Parameters: huajiwuyan@gmail.com(String), google(String)
2021-05-07 03:53:19,323 DEBUG (BaseJdbcLogger.java:137)- <==      Total: 1
2021-05-07 03:53:19,324 DEBUG (BaseJdbcLogger.java:137)- ==>  Preparing: SELECT b.* FROM XINGYING_SHOP.USER_TO_ROLE a left join XINGYING_SHOP.ROLE b on b.ROLE_ID = a.ROLE_ID WHERE a.USER_ID = ? AND b.DATA_STATUS = 1
2021-05-07 03:53:19,325 DEBUG (BaseJdbcLogger.java:137)- ==> Parameters: 271218098185572352(Long)
2021-05-07 03:53:19,327 DEBUG (BaseJdbcLogger.java:137)- <==      Total: 1
2021-05-07 03:53:19,328 DEBUG (BaseJdbcLogger.java:137)- ==>  Preparing: SELECT b.* FROM XINGYING_SHOP.PERMISSIONS_TO_ROLE a left join XINGYING_SHOP.PERMISSIONS b on b.PERMISSIONS_ID = a.PERMISSIONS_ID WHERE b.DATA_STATUS = 1 AND a.PERMISSIONS_ID IN ( ? )
2021-05-07 03:53:19,329 DEBUG (BaseJdbcLogger.java:137)- ==> Parameters: 0(Long)
2021-05-07 03:53:19,331 DEBUG (BaseJdbcLogger.java:137)- <==      Total: 1
2021-05-07 04:01:31,386 DEBUG (BaseJdbcLogger.java:137)- ==>  Preparing: SELECT IDENTIFIER,USER_ID,IDENTITY_TYPE,CREDENTIAL FROM XINGYING_SHOP.USER_AUTHS WHERE (IDENTIFIER = ? AND IDENTITY_TYPE = ?)
2021-05-07 04:01:31,387 DEBUG (BaseJdbcLogger.java:137)- ==> Parameters: huajiwuyan@gmail.com(String), google(String)
2021-05-07 04:01:31,388 DEBUG (BaseJdbcLogger.java:137)- <==      Total: 1
2021-05-07 04:01:31,389 DEBUG (BaseJdbcLogger.java:137)- ==>  Preparing: SELECT b.* FROM XINGYING_SHOP.USER_TO_ROLE a left join XINGYING_SHOP.ROLE b on b.ROLE_ID = a.ROLE_ID WHERE a.USER_ID = ? AND b.DATA_STATUS = 1
2021-05-07 04:01:31,390 DEBUG (BaseJdbcLogger.java:137)- ==> Parameters: 271218098185572352(Long)
2021-05-07 04:01:31,391 DEBUG (BaseJdbcLogger.java:137)- <==      Total: 1
2021-05-07 04:01:31,392 DEBUG (BaseJdbcLogger.java:137)- ==>  Preparing: SELECT b.* FROM XINGYING_SHOP.PERMISSIONS_TO_ROLE a left join XINGYING_SHOP.PERMISSIONS b on b.PERMISSIONS_ID = a.PERMISSIONS_ID WHERE b.DATA_STATUS = 1 AND a.PERMISSIONS_ID IN ( ? )
2021-05-07 04:01:31,393 DEBUG (BaseJdbcLogger.java:137)- ==> Parameters: 0(Long)
2021-05-07 04:01:31,394 DEBUG (BaseJdbcLogger.java:137)- <==      Total: 1
2021-05-07 04:02:47,239 DEBUG (BaseJdbcLogger.java:137)- ==>  Preparing: SELECT IDENTIFIER,USER_ID,IDENTITY_TYPE,CREDENTIAL FROM XINGYING_SHOP.USER_AUTHS WHERE (IDENTIFIER = ? AND IDENTITY_TYPE = ?)
2021-05-07 04:02:47,240 DEBUG (BaseJdbcLogger.java:137)- ==> Parameters: huajiwuyan@gmail.com(String), google(String)
2021-05-07 04:02:47,241 DEBUG (BaseJdbcLogger.java:137)- <==      Total: 1
2021-05-07 04:02:47,241 DEBUG (BaseJdbcLogger.java:137)- ==>  Preparing: SELECT b.* FROM XINGYING_SHOP.USER_TO_ROLE a left join XINGYING_SHOP.ROLE b on b.ROLE_ID = a.ROLE_ID WHERE a.USER_ID = ? AND b.DATA_STATUS = 1
2021-05-07 04:02:47,242 DEBUG (BaseJdbcLogger.java:137)- ==> Parameters: 271218098185572352(Long)
2021-05-07 04:02:47,243 DEBUG (BaseJdbcLogger.java:137)- <==      Total: 1
2021-05-07 04:02:47,244 DEBUG (BaseJdbcLogger.java:137)- ==>  Preparing: SELECT b.* FROM XINGYING_SHOP.PERMISSIONS_TO_ROLE a left join XINGYING_SHOP.PERMISSIONS b on b.PERMISSIONS_ID = a.PERMISSIONS_ID WHERE b.DATA_STATUS = 1 AND a.PERMISSIONS_ID IN ( ? )
2021-05-07 04:02:47,244 DEBUG (BaseJdbcLogger.java:137)- ==> Parameters: 0(Long)
2021-05-07 04:02:47,246 DEBUG (BaseJdbcLogger.java:137)- <==      Total: 1
2021-05-07 04:04:38,380 DEBUG (BaseJdbcLogger.java:137)- ==>  Preparing: SELECT IDENTIFIER,USER_ID,IDENTITY_TYPE,CREDENTIAL FROM XINGYING_SHOP.USER_AUTHS WHERE (IDENTIFIER = ? AND IDENTITY_TYPE = ?)
2021-05-07 04:04:38,381 DEBUG (BaseJdbcLogger.java:137)- ==> Parameters: huajiwuyan@gmail.com(String), google(String)
2021-05-07 04:04:38,384 DEBUG (BaseJdbcLogger.java:137)- <==      Total: 1
2021-05-07 04:04:38,385 DEBUG (BaseJdbcLogger.java:137)- ==>  Preparing: SELECT b.* FROM XINGYING_SHOP.USER_TO_ROLE a left join XINGYING_SHOP.ROLE b on b.ROLE_ID = a.ROLE_ID WHERE a.USER_ID = ? AND b.DATA_STATUS = 1
2021-05-07 04:04:38,386 DEBUG (BaseJdbcLogger.java:137)- ==> Parameters: 271218098185572352(Long)
2021-05-07 04:04:38,387 DEBUG (BaseJdbcLogger.java:137)- <==      Total: 1
2021-05-07 04:04:38,387 DEBUG (BaseJdbcLogger.java:137)- ==>  Preparing: SELECT b.* FROM XINGYING_SHOP.PERMISSIONS_TO_ROLE a left join XINGYING_SHOP.PERMISSIONS b on b.PERMISSIONS_ID = a.PERMISSIONS_ID WHERE b.DATA_STATUS = 1 AND a.PERMISSIONS_ID IN ( ? )
2021-05-07 04:04:38,388 DEBUG (BaseJdbcLogger.java:137)- ==> Parameters: 0(Long)
2021-05-07 04:04:38,389 DEBUG (BaseJdbcLogger.java:137)- <==      Total: 1
2021-05-07 04:05:58,005 DEBUG (BaseJdbcLogger.java:137)- ==>  Preparing: SELECT IDENTIFIER,USER_ID,IDENTITY_TYPE,CREDENTIAL FROM XINGYING_SHOP.USER_AUTHS WHERE (IDENTIFIER = ? AND IDENTITY_TYPE = ?)
2021-05-07 04:05:58,006 DEBUG (BaseJdbcLogger.java:137)- ==> Parameters: huajiwuyan@gmail.com(String), google(String)
2021-05-07 04:05:58,010 DEBUG (BaseJdbcLogger.java:137)- <==      Total: 1
2021-05-07 04:05:58,011 DEBUG (BaseJdbcLogger.java:137)- ==>  Preparing: SELECT b.* FROM XINGYING_SHOP.USER_TO_ROLE a left join XINGYING_SHOP.ROLE b on b.ROLE_ID = a.ROLE_ID WHERE a.USER_ID = ? AND b.DATA_STATUS = 1
2021-05-07 04:05:58,011 DEBUG (BaseJdbcLogger.java:137)- ==> Parameters: 271218098185572352(Long)
2021-05-07 04:05:58,012 DEBUG (BaseJdbcLogger.java:137)- <==      Total: 1
2021-05-07 04:05:58,013 DEBUG (BaseJdbcLogger.java:137)- ==>  Preparing: SELECT b.* FROM XINGYING_SHOP.PERMISSIONS_TO_ROLE a left join XINGYING_SHOP.PERMISSIONS b on b.PERMISSIONS_ID = a.PERMISSIONS_ID WHERE b.DATA_STATUS = 1 AND a.PERMISSIONS_ID IN ( ? )
2021-05-07 04:05:58,013 DEBUG (BaseJdbcLogger.java:137)- ==> Parameters: 0(Long)
2021-05-07 04:05:58,014 DEBUG (BaseJdbcLogger.java:137)- <==      Total: 1
2021-05-07 04:08:40,046 DEBUG (BaseJdbcLogger.java:137)- ==>  Preparing: SELECT IDENTIFIER,USER_ID,IDENTITY_TYPE,CREDENTIAL FROM XINGYING_SHOP.USER_AUTHS WHERE (IDENTIFIER = ? AND IDENTITY_TYPE = ?)
2021-05-07 04:08:40,047 DEBUG (BaseJdbcLogger.java:137)- ==> Parameters: huajiwuyan@gmail.com(String), google(String)
2021-05-07 04:08:40,048 DEBUG (BaseJdbcLogger.java:137)- <==      Total: 1
2021-05-07 04:08:40,049 DEBUG (BaseJdbcLogger.java:137)- ==>  Preparing: SELECT b.* FROM XINGYING_SHOP.USER_TO_ROLE a left join XINGYING_SHOP.ROLE b on b.ROLE_ID = a.ROLE_ID WHERE a.USER_ID = ? AND b.DATA_STATUS = 1
2021-05-07 04:08:40,049 DEBUG (BaseJdbcLogger.java:137)- ==> Parameters: 271218098185572352(Long)
2021-05-07 04:08:40,051 DEBUG (BaseJdbcLogger.java:137)- <==      Total: 1
2021-05-07 04:08:40,052 DEBUG (BaseJdbcLogger.java:137)- ==>  Preparing: SELECT b.* FROM XINGYING_SHOP.PERMISSIONS_TO_ROLE a left join XINGYING_SHOP.PERMISSIONS b on b.PERMISSIONS_ID = a.PERMISSIONS_ID WHERE b.DATA_STATUS = 1 AND a.PERMISSIONS_ID IN ( ? )
2021-05-07 04:08:40,054 DEBUG (BaseJdbcLogger.java:137)- ==> Parameters: 0(Long)
2021-05-07 04:08:40,055 DEBUG (BaseJdbcLogger.java:137)- <==      Total: 1
2021-05-07 04:12:10,429 DEBUG (BaseJdbcLogger.java:137)- ==>  Preparing: SELECT IDENTIFIER,USER_ID,IDENTITY_TYPE,CREDENTIAL FROM XINGYING_SHOP.USER_AUTHS WHERE (IDENTIFIER = ? AND IDENTITY_TYPE = ?)
2021-05-07 04:12:10,429 DEBUG (BaseJdbcLogger.java:137)- ==> Parameters: huajiwuyan@gmail.com(String), google(String)
2021-05-07 04:12:10,430 DEBUG (BaseJdbcLogger.java:137)- <==      Total: 1
2021-05-07 04:12:10,431 DEBUG (BaseJdbcLogger.java:137)- ==>  Preparing: SELECT b.* FROM XINGYING_SHOP.USER_TO_ROLE a left join XINGYING_SHOP.ROLE b on b.ROLE_ID = a.ROLE_ID WHERE a.USER_ID = ? AND b.DATA_STATUS = 1
2021-05-07 04:12:10,431 DEBUG (BaseJdbcLogger.java:137)- ==> Parameters: 271218098185572352(Long)
2021-05-07 04:12:10,432 DEBUG (BaseJdbcLogger.java:137)- <==      Total: 1
2021-05-07 04:12:10,433 DEBUG (BaseJdbcLogger.java:137)- ==>  Preparing: SELECT b.* FROM XINGYING_SHOP.PERMISSIONS_TO_ROLE a left join XINGYING_SHOP.PERMISSIONS b on b.PERMISSIONS_ID = a.PERMISSIONS_ID WHERE b.DATA_STATUS = 1 AND a.PERMISSIONS_ID IN ( ? )
2021-05-07 04:12:10,433 DEBUG (BaseJdbcLogger.java:137)- ==> Parameters: 0(Long)
2021-05-07 04:12:10,434 DEBUG (BaseJdbcLogger.java:137)- <==      Total: 1
2021-05-07 04:12:58,889 DEBUG (BaseJdbcLogger.java:137)- ==>  Preparing: SELECT IDENTIFIER,USER_ID,IDENTITY_TYPE,CREDENTIAL FROM XINGYING_SHOP.USER_AUTHS WHERE (IDENTIFIER = ? AND IDENTITY_TYPE = ?)
2021-05-07 04:12:58,890 DEBUG (BaseJdbcLogger.java:137)- ==> Parameters: huajiwuyan@gmail.com(String), google(String)
2021-05-07 04:12:58,891 DEBUG (BaseJdbcLogger.java:137)- <==      Total: 1
2021-05-07 04:12:58,892 DEBUG (BaseJdbcLogger.java:137)- ==>  Preparing: SELECT b.* FROM XINGYING_SHOP.USER_TO_ROLE a left join XINGYING_SHOP.ROLE b on b.ROLE_ID = a.ROLE_ID WHERE a.USER_ID = ? AND b.DATA_STATUS = 1
2021-05-07 04:12:58,892 DEBUG (BaseJdbcLogger.java:137)- ==> Parameters: 271218098185572352(Long)
2021-05-07 04:12:58,893 DEBUG (BaseJdbcLogger.java:137)- <==      Total: 1
2021-05-07 04:12:58,894 DEBUG (BaseJdbcLogger.java:137)- ==>  Preparing: SELECT b.* FROM XINGYING_SHOP.PERMISSIONS_TO_ROLE a left join XINGYING_SHOP.PERMISSIONS b on b.PERMISSIONS_ID = a.PERMISSIONS_ID WHERE b.DATA_STATUS = 1 AND a.PERMISSIONS_ID IN ( ? )
2021-05-07 04:12:58,894 DEBUG (BaseJdbcLogger.java:137)- ==> Parameters: 0(Long)
2021-05-07 04:12:58,895 DEBUG (BaseJdbcLogger.java:137)- <==      Total: 1
2021-05-07 04:19:19,146 DEBUG (BaseJdbcLogger.java:137)- ==>  Preparing: SELECT IDENTIFIER,USER_ID,IDENTITY_TYPE,CREDENTIAL FROM XINGYING_SHOP.USER_AUTHS WHERE (IDENTIFIER = ? AND IDENTITY_TYPE = ?)
2021-05-07 04:19:19,147 DEBUG (BaseJdbcLogger.java:137)- ==> Parameters: huajiwuyan@gmail.com(String), google(String)
2021-05-07 04:19:19,148 DEBUG (BaseJdbcLogger.java:137)- <==      Total: 1
2021-05-07 04:19:19,148 DEBUG (BaseJdbcLogger.java:137)- ==>  Preparing: SELECT b.* FROM XINGYING_SHOP.USER_TO_ROLE a left join XINGYING_SHOP.ROLE b on b.ROLE_ID = a.ROLE_ID WHERE a.USER_ID = ? AND b.DATA_STATUS = 1
2021-05-07 04:19:19,149 DEBUG (BaseJdbcLogger.java:137)- ==> Parameters: 271218098185572352(Long)
2021-05-07 04:19:19,149 DEBUG (BaseJdbcLogger.java:137)- <==      Total: 1
2021-05-07 04:19:19,150 DEBUG (BaseJdbcLogger.java:137)- ==>  Preparing: SELECT b.* FROM XINGYING_SHOP.PERMISSIONS_TO_ROLE a left join XINGYING_SHOP.PERMISSIONS b on b.PERMISSIONS_ID = a.PERMISSIONS_ID WHERE b.DATA_STATUS = 1 AND a.PERMISSIONS_ID IN ( ? )
2021-05-07 04:19:19,150 DEBUG (BaseJdbcLogger.java:137)- ==> Parameters: 0(Long)
2021-05-07 04:19:19,151 DEBUG (BaseJdbcLogger.java:137)- <==      Total: 1
2021-05-07 04:20:39,241 DEBUG (BaseJdbcLogger.java:137)- ==>  Preparing: SELECT IDENTIFIER,USER_ID,IDENTITY_TYPE,CREDENTIAL FROM XINGYING_SHOP.USER_AUTHS WHERE (IDENTIFIER = ? AND IDENTITY_TYPE = ?)
2021-05-07 04:20:39,242 DEBUG (BaseJdbcLogger.java:137)- ==> Parameters: huajiwuyan@gmail.com(String), google(String)
2021-05-07 04:20:39,243 DEBUG (BaseJdbcLogger.java:137)- <==      Total: 1
2021-05-07 04:20:39,243 DEBUG (BaseJdbcLogger.java:137)- ==>  Preparing: SELECT b.* FROM XINGYING_SHOP.USER_TO_ROLE a left join XINGYING_SHOP.ROLE b on b.ROLE_ID = a.ROLE_ID WHERE a.USER_ID = ? AND b.DATA_STATUS = 1
2021-05-07 04:20:39,244 DEBUG (BaseJdbcLogger.java:137)- ==> Parameters: 271218098185572352(Long)
2021-05-07 04:20:39,245 DEBUG (BaseJdbcLogger.java:137)- <==      Total: 1
2021-05-07 04:20:39,246 DEBUG (BaseJdbcLogger.java:137)- ==>  Preparing: SELECT b.* FROM XINGYING_SHOP.PERMISSIONS_TO_ROLE a left join XINGYING_SHOP.PERMISSIONS b on b.PERMISSIONS_ID = a.PERMISSIONS_ID WHERE b.DATA_STATUS = 1 AND a.PERMISSIONS_ID IN ( ? )
2021-05-07 04:20:39,247 DEBUG (BaseJdbcLogger.java:137)- ==> Parameters: 0(Long)
2021-05-07 04:20:39,251 DEBUG (BaseJdbcLogger.java:137)- <==      Total: 1
2021-05-07 04:21:36,527 DEBUG (BaseJdbcLogger.java:137)- ==>  Preparing: SELECT IDENTIFIER,USER_ID,IDENTITY_TYPE,CREDENTIAL FROM XINGYING_SHOP.USER_AUTHS WHERE (IDENTIFIER = ? AND IDENTITY_TYPE = ?)
2021-05-07 04:21:36,528 DEBUG (BaseJdbcLogger.java:137)- ==> Parameters: huajiwuyan@gmail.com(String), google(String)
2021-05-07 04:21:36,529 DEBUG (BaseJdbcLogger.java:137)- <==      Total: 1
2021-05-07 04:21:36,530 DEBUG (BaseJdbcLogger.java:137)- ==>  Preparing: SELECT b.* FROM XINGYING_SHOP.USER_TO_ROLE a left join XINGYING_SHOP.ROLE b on b.ROLE_ID = a.ROLE_ID WHERE a.USER_ID = ? AND b.DATA_STATUS = 1
2021-05-07 04:21:36,530 DEBUG (BaseJdbcLogger.java:137)- ==> Parameters: 271218098185572352(Long)
2021-05-07 04:21:36,531 DEBUG (BaseJdbcLogger.java:137)- <==      Total: 1
2021-05-07 04:21:36,532 DEBUG (BaseJdbcLogger.java:137)- ==>  Preparing: SELECT b.* FROM XINGYING_SHOP.PERMISSIONS_TO_ROLE a left join XINGYING_SHOP.PERMISSIONS b on b.PERMISSIONS_ID = a.PERMISSIONS_ID WHERE b.DATA_STATUS = 1 AND a.PERMISSIONS_ID IN ( ? )
2021-05-07 04:21:36,532 DEBUG (BaseJdbcLogger.java:137)- ==> Parameters: 0(Long)
2021-05-07 04:21:36,534 DEBUG (BaseJdbcLogger.java:137)- <==      Total: 1
2021-05-07 04:27:16,732 DEBUG (BaseJdbcLogger.java:137)- ==>  Preparing: SELECT IDENTIFIER,USER_ID,IDENTITY_TYPE,CREDENTIAL FROM XINGYING_SHOP.USER_AUTHS WHERE (IDENTIFIER = ? AND IDENTITY_TYPE = ?)
2021-05-07 04:27:16,733 DEBUG (BaseJdbcLogger.java:137)- ==> Parameters: huajiwuyan@gmail.com(String), google(String)
2021-05-07 04:27:16,734 DEBUG (BaseJdbcLogger.java:137)- <==      Total: 1
2021-05-07 04:27:16,735 DEBUG (BaseJdbcLogger.java:137)- ==>  Preparing: SELECT b.* FROM XINGYING_SHOP.USER_TO_ROLE a left join XINGYING_SHOP.ROLE b on b.ROLE_ID = a.ROLE_ID WHERE a.USER_ID = ? AND b.DATA_STATUS = 1
2021-05-07 04:27:16,735 DEBUG (BaseJdbcLogger.java:137)- ==> Parameters: 271218098185572352(Long)
2021-05-07 04:27:16,736 DEBUG (BaseJdbcLogger.java:137)- <==      Total: 1
2021-05-07 04:27:16,737 DEBUG (BaseJdbcLogger.java:137)- ==>  Preparing: SELECT b.* FROM XINGYING_SHOP.PERMISSIONS_TO_ROLE a left join XINGYING_SHOP.PERMISSIONS b on b.PERMISSIONS_ID = a.PERMISSIONS_ID WHERE b.DATA_STATUS = 1 AND a.PERMISSIONS_ID IN ( ? )
2021-05-07 04:27:16,738 DEBUG (BaseJdbcLogger.java:137)- ==> Parameters: 0(Long)
2021-05-07 04:27:16,739 DEBUG (BaseJdbcLogger.java:137)- <==      Total: 1
