2021-04-19 08:27:31,440 INFO (StartupInfoLogger.java:55)- Starting MasApplication using Java 11.0.7 on GWRZ-4PVPSN with PID 15460 (C:\Users\SiletFlower\IdeaProjects\xingYing-master\target\classes started by SiletFlower in C:\Users\SiletFlower\IdeaProjects\xingYing-master)
2021-04-19 08:27:31,444 DEBUG (StartupInfoLogger.java:56)- Running with Spring Boot v2.4.4, Spring v5.3.5
2021-04-19 08:27:31,444 INFO (SpringApplication.java:662)- No active profile set, falling back to default profiles: default
2021-04-19 08:32:42,666 INFO (StartupInfoLogger.java:55)- Starting MasApplication using Java 11.0.7 on GWRZ-4PVPSN with PID 10032 (C:\Users\SiletFlower\IdeaProjects\xingYing-master\target\classes started by SiletFlower in C:\Users\SiletFlower\IdeaProjects\xingYing-master)
2021-04-19 08:32:42,671 DEBUG (StartupInfoLogger.java:56)- Running with Spring Boot v2.4.4, Spring v5.3.5
2021-04-19 08:32:42,672 INFO (SpringApplication.java:662)- No active profile set, falling back to default profiles: default
2021-04-19 08:36:28,829 INFO (StartupInfoLogger.java:55)- Starting MasApplication using Java 11.0.7 on GWRZ-4PVPSN with PID 18532 (C:\Users\SiletFlower\IdeaProjects\xingYing-master\target\classes started by SiletFlower in C:\Users\SiletFlower\IdeaProjects\xingYing-master)
2021-04-19 08:36:28,830 DEBUG (StartupInfoLogger.java:56)- Running with Spring Boot v2.4.4, Spring v5.3.5
2021-04-19 08:36:28,830 INFO (SpringApplication.java:662)- No active profile set, falling back to default profiles: default
2021-04-19 08:36:34,003 DEBUG (GenericFilterBean.java:242)- Filter 'jwtAuthenticationTokenFilter' configured for use
2021-04-19 08:36:37,468 INFO (StartupInfoLogger.java:61)- Started MasApplication in 9.064 seconds (JVM running for 10.64)
2021-04-19 08:39:38,121 DEBUG (BaseJdbcLogger.java:137)- ==>  Preparing: SELECT USER_ID,ACCOUNT,PASSWORDS,PASSWORDS_SALT,NICK_NAME,REAL_NAME,ENABLED,DELETED,DATA_CREATE_TIME,SEX FROM XINGYING_SHOP.USER_XY WHERE (ACCOUNT = ?)
2021-04-19 08:39:38,325 DEBUG (BaseJdbcLogger.java:137)- ==> Parameters: zhaoweihao98(String)
2021-04-19 08:39:38,394 DEBUG (BaseJdbcLogger.java:137)- <==      Total: 1
2021-04-19 08:39:38,398 DEBUG (BaseJdbcLogger.java:137)- ==>  Preparing: SELECT b.* FROM XINGYING_SHOP.USER_TO_ROLE a left join XINGYING_SHOP.ROLE b on b.ROLE_ID = a.ROLE_ID WHERE a.USER_ID = ? AND b.DATA_STATUS = 1
2021-04-19 08:39:38,403 DEBUG (BaseJdbcLogger.java:137)- ==> Parameters: 262075531158228992(Long)
2021-04-19 08:39:38,452 DEBUG (BaseJdbcLogger.java:137)- <==      Total: 1
2021-04-19 08:39:38,455 DEBUG (BaseJdbcLogger.java:137)- ==>  Preparing: SELECT b.* FROM XINGYING_SHOP.PERMISSIONS_TO_ROLE a left join XINGYING_SHOP.PERMISSIONS b on b.PERMISSIONS_ID = a.PERMISSIONS_ID WHERE b.DATA_STATUS = 1 AND a.PERMISSIONS_ID IN ( ? )
2021-04-19 08:39:38,457 DEBUG (BaseJdbcLogger.java:137)- ==> Parameters: 0(Long)
2021-04-19 08:39:38,537 DEBUG (BaseJdbcLogger.java:137)- <==      Total: 1
