2021-03-26 17:29:51,550 INFO (StartupInfoLogger.java:55)- Starting MasApplication using Java 11.0.7 on GWRZ-4PVPSN with PID 11156 (C:\Users\SiletFlower\Desktop\xingYing-master\target\classes started by SiletFlower in C:\Users\SiletFlower\Desktop\xingYing-master)
2021-03-26 17:29:51,551 DEBUG (StartupInfoLogger.java:56)- Running with Spring Boot v2.4.2, Spring v5.3.3
2021-03-26 17:29:51,551 INFO (SpringApplication.java:660)- No active profile set, falling back to default profiles: default
2021-03-26 17:29:58,965 INFO (StartupInfoLogger.java:61)- Started MasApplication in 7.964 seconds (JVM running for 9.637)
2021-03-26 17:31:25,137 DEBUG (BaseJdbcLogger.java:137)- ==>  Preparing: SELECT USER_ID,ACCOUNT,PASSWORDS,PASSWORDS_SALT,NICK_NAME,REAL_NAME,ENABLED,DELETED,DATA_CREATE_TIME,SEX FROM XINGYING_SHOP.USER_XY WHERE USER_ID=?
2021-03-26 17:31:25,441 DEBUG (BaseJdbcLogger.java:137)- ==> Parameters: 262063722804154368(String)
2021-03-26 17:31:25,473 DEBUG (BaseJdbcLogger.java:137)- <==      Total: 1
2021-03-26 17:46:44,911 INFO (StartupInfoLogger.java:55)- Starting MasApplication using Java 11.0.7 on GWRZ-4PVPSN with PID 21536 (C:\Users\SiletFlower\Desktop\xingYing-master\target\classes started by SiletFlower in C:\Users\SiletFlower\Desktop\xingYing-master)
2021-03-26 17:46:44,912 DEBUG (StartupInfoLogger.java:56)- Running with Spring Boot v2.4.2, Spring v5.3.3
2021-03-26 17:46:44,912 INFO (SpringApplication.java:660)- No active profile set, falling back to default profiles: default
2021-03-26 17:46:52,407 INFO (StartupInfoLogger.java:61)- Started MasApplication in 7.966 seconds (JVM running for 9.591)
2021-03-26 17:47:06,860 DEBUG (BaseJdbcLogger.java:137)- ==>  Preparing: SELECT USER_ID,ACCOUNT,PASSWORDS,PASSWORDS_SALT,NICK_NAME,REAL_NAME,ENABLED,DELETED,DATA_CREATE_TIME,SEX FROM XINGYING_SHOP.USER_XY WHERE USER_ID=?
2021-03-26 17:47:06,980 DEBUG (BaseJdbcLogger.java:137)- ==> Parameters: 262063722804154368(String)
2021-03-26 17:47:07,000 DEBUG (BaseJdbcLogger.java:137)- <==      Total: 1
2021-03-26 17:47:07,139 DEBUG (BaseJdbcLogger.java:137)- ==>  Preparing: SELECT USER_ID,ACCOUNT,PASSWORDS,PASSWORDS_SALT,NICK_NAME,REAL_NAME,ENABLED,DELETED,DATA_CREATE_TIME,SEX FROM XINGYING_SHOP.USER_XY WHERE USER_ID=?
2021-03-26 17:47:07,139 DEBUG (BaseJdbcLogger.java:137)- ==> Parameters: 262063722804154368(String)
2021-03-26 17:47:07,141 DEBUG (BaseJdbcLogger.java:137)- <==      Total: 1
2021-03-26 18:01:32,467 DEBUG (BaseJdbcLogger.java:137)- ==>  Preparing: SELECT USER_ID,ACCOUNT,PASSWORDS,PASSWORDS_SALT,NICK_NAME,REAL_NAME,ENABLED,DELETED,DATA_CREATE_TIME,SEX FROM XINGYING_SHOP.USER_XY WHERE USER_ID=?
2021-03-26 18:01:32,467 DEBUG (BaseJdbcLogger.java:137)- ==> Parameters: 262063722804154368(String)
2021-03-26 18:01:32,471 DEBUG (BaseJdbcLogger.java:137)- <==      Total: 1
2021-03-26 18:19:28,401 INFO (StartupInfoLogger.java:55)- Starting MasApplication using Java 11.0.7 on GWRZ-4PVPSN with PID 5740 (C:\Users\SiletFlower\Desktop\xingYing-master\target\classes started by SiletFlower in C:\Users\SiletFlower\Desktop\xingYing-master)
2021-03-26 18:19:28,401 DEBUG (StartupInfoLogger.java:56)- Running with Spring Boot v2.4.2, Spring v5.3.3
2021-03-26 18:19:28,401 INFO (SpringApplication.java:660)- No active profile set, falling back to default profiles: default
2021-03-26 18:19:36,425 INFO (StartupInfoLogger.java:61)- Started MasApplication in 8.552 seconds (JVM running for 9.939)
